Using pre-set license
Built from '2021.3/staging' branch; Version is '2021.3.21f1 (1b156197d683) revision 1774945'; Using compiler version '192829333'; Build Type 'Release'
OS: 'Windows 11  (10.0.22621) 64bit Core' Language: 'en' Physical Memory: 7937 MB
BatchMode: 1, IsHumanControllingUs: 0, StartBugReporterOnCrash: 0, Is64bit: 1, IsPro: 1

COMMAND LINE ARGUMENTS:
C:\Users\HP\Downloads\2021.3.21f1\Editor\Unity.exe
-adb2
-batchMode
-noUpm
-name
AssetImportWorker0
-projectPath
C:/Users/HP/Documents/Labyrinth
-logFile
Logs/AssetImportWorker0.log
-srvPort
60331
Successfully changed project path to: C:/Users/HP/Documents/Labyrinth
C:/Users/HP/Documents/Labyrinth
[UnityMemory] Configuration Parameters - Can be set up in boot.config
    "memorysetup-bucket-allocator-granularity=16"
    "memorysetup-bucket-allocator-bucket-count=8"
    "memorysetup-bucket-allocator-block-size=33554432"
    "memorysetup-bucket-allocator-block-count=8"
    "memorysetup-main-allocator-block-size=16777216"
    "memorysetup-thread-allocator-block-size=16777216"
    "memorysetup-gfx-main-allocator-block-size=16777216"
    "memorysetup-gfx-thread-allocator-block-size=16777216"
    "memorysetup-cache-allocator-block-size=4194304"
    "memorysetup-typetree-allocator-block-size=2097152"
    "memorysetup-profiler-bucket-allocator-granularity=16"
    "memorysetup-profiler-bucket-allocator-bucket-count=8"
    "memorysetup-profiler-bucket-allocator-block-size=33554432"
    "memorysetup-profiler-bucket-allocator-block-count=8"
    "memorysetup-profiler-allocator-block-size=16777216"
    "memorysetup-profiler-editor-allocator-block-size=1048576"
    "memorysetup-temp-allocator-size-main=16777216"
    "memorysetup-job-temp-allocator-block-size=2097152"
    "memorysetup-job-temp-allocator-block-size-background=1048576"
    "memorysetup-job-temp-allocator-reduction-small-platforms=262144"
    "memorysetup-temp-allocator-size-background-worker=32768"
    "memorysetup-temp-allocator-size-job-worker=262144"
    "memorysetup-temp-allocator-size-preload-manager=33554432"
    "memorysetup-temp-allocator-size-nav-mesh-worker=65536"
    "memorysetup-temp-allocator-size-audio-worker=65536"
    "memorysetup-temp-allocator-size-cloud-worker=32768"
    "memorysetup-temp-allocator-size-gi-baking-worker=262144"
    "memorysetup-temp-allocator-size-gfx=262144"
Player connection [15212] Host "[IP] 192.168.100.32 [Port] 0 [Flags] 2 [Guid] 2879809398 [EditorId] 2879809398 [Version] 1048832 [Id] WindowsEditor(7,DESKTOP-UQS1SK1) [Debug] 1 [PackageName] WindowsEditor [ProjectName] Editor" joined multi-casting on [225.0.0.222:54997]...

Player connection [15212] Host "[IP] 192.168.100.32 [Port] 0 [Flags] 2 [Guid] 2879809398 [EditorId] 2879809398 [Version] 1048832 [Id] WindowsEditor(7,DESKTOP-UQS1SK1) [Debug] 1 [PackageName] WindowsEditor [ProjectName] Editor" joined alternative multi-casting on [225.0.0.222:34997]...

Refreshing native plugins compatible for Editor in 67.17 ms, found 3 plugins.
Preloading 0 native plugins for Editor in 0.00 ms.
Initialize engine version: 2021.3.21f1 (1b156197d683)
[Subsystems] Discovering subsystems at path C:/Users/HP/Downloads/2021.3.21f1/Editor/Data/Resources/UnitySubsystems
[Subsystems] Discovering subsystems at path C:/Users/HP/Documents/Labyrinth/Assets
GfxDevice: creating device client; threaded=0; jobified=0
Direct3D:
    Version:  Direct3D 11.0 [level 11.1]
    Renderer: Intel(R) Iris(R) Xe Graphics (ID=0x9a49)
    Vendor:   Intel
    VRAM:     3968 MB
    Driver:   30.0.101.1191
Initialize mono
Mono path[0] = 'C:/Users/HP/Downloads/2021.3.21f1/Editor/Data/Managed'
Mono path[1] = 'C:/Users/HP/Downloads/2021.3.21f1/Editor/Data/MonoBleedingEdge/lib/mono/unityjit-win32'
Mono config path = 'C:/Users/HP/Downloads/2021.3.21f1/Editor/Data/MonoBleedingEdge/etc'
Using monoOptions --debugger-agent=transport=dt_socket,embedding=1,server=y,suspend=n,address=127.0.0.1:56740
Begin MonoManager ReloadAssembly
Registering precompiled unity dll's ...
Register platform support module: C:/Users/HP/Downloads/2021.3.21f1/Editor/Data/PlaybackEngines/WebGLSupport/UnityEditor.WebGL.Extensions.dll
Register platform support module: C:/Users/HP/Downloads/2021.3.21f1/Editor/Data/PlaybackEngines/WindowsStandaloneSupport/UnityEditor.WindowsStandalone.Extensions.dll
Registered in 0.004852 seconds.
Native extension for WindowsStandalone target not found
Native extension for WebGL target not found
Refreshing native plugins compatible for Editor in 66.60 ms, found 3 plugins.
Preloading 0 native plugins for Editor in 0.00 ms.
Mono: successfully reloaded assembly
- Completed reload, in  0.579 seconds
Domain Reload Profiling:
	ReloadAssembly (579ms)
		BeginReloadAssembly (133ms)
			ExecutionOrderSort (0ms)
			DisableScriptedObjects (0ms)
			BackupInstance (0ms)
			ReleaseScriptingObjects (0ms)
			CreateAndSetChildDomain (1ms)
		EndReloadAssembly (364ms)
			LoadAssemblies (134ms)
			RebuildTransferFunctionScriptingTraits (0ms)
			SetupTypeCache (91ms)
			ReleaseScriptCaches (0ms)
			RebuildScriptCaches (23ms)
			SetupLoadedEditorAssemblies (206ms)
				LogAssemblyErrors (0ms)
				InitializePlatformSupportModulesInManaged (6ms)
				SetLoadedEditorAssemblies (0ms)
				RefreshPlugins (67ms)
				BeforeProcessingInitializeOnLoad (1ms)
				ProcessInitializeOnLoadAttributes (96ms)
				ProcessInitializeOnLoadMethodAttributes (35ms)
				AfterProcessingInitializeOnLoad (0ms)
				EditorAssembliesLoaded (0ms)
			ExecutionOrderSort2 (0ms)
			AwakeInstancesAfterBackupRestoration (0ms)
Platform modules already initialized, skipping
Registering precompiled user dll's ...
Registered in 0.003195 seconds.
Begin MonoManager ReloadAssembly
Symbol file LoadedFromMemory doesn't match image C:\Users\HP\Documents\Labyrinth\Library\PackageCache\com.unity.visualscripting@1.8.0\Editor\VisualScripting.Core\Dependencies\YamlDotNet\Unity.VisualScripting.YamlDotNet.dll
Symbol file LoadedFromMemory doesn't match image C:\Users\HP\Documents\Labyrinth\Library\PackageCache\com.unity.visualscripting@1.8.0\Editor\VisualScripting.Core\Dependencies\DotNetZip\Unity.VisualScripting.IonicZip.dll
Native extension for WindowsStandalone target not found
Native extension for WebGL target not found
Refreshing native plugins compatible for Editor in 0.66 ms, found 3 plugins.
Preloading 0 native plugins for Editor in 0.00 ms.
Mono: successfully reloaded assembly
- Completed reload, in  1.074 seconds
Domain Reload Profiling:
	ReloadAssembly (1075ms)
		BeginReloadAssembly (112ms)
			ExecutionOrderSort (0ms)
			DisableScriptedObjects (5ms)
			BackupInstance (0ms)
			ReleaseScriptingObjects (0ms)
			CreateAndSetChildDomain (17ms)
		EndReloadAssembly (767ms)
			LoadAssemblies (111ms)
			RebuildTransferFunctionScriptingTraits (0ms)
			SetupTypeCache (249ms)
			ReleaseScriptCaches (1ms)
			RebuildScriptCaches (48ms)
			SetupLoadedEditorAssemblies (331ms)
				LogAssemblyErrors (0ms)
				InitializePlatformSupportModulesInManaged (5ms)
				SetLoadedEditorAssemblies (0ms)
				RefreshPlugins (1ms)
				BeforeProcessingInitializeOnLoad (71ms)
				ProcessInitializeOnLoadAttributes (225ms)
				ProcessInitializeOnLoadMethodAttributes (24ms)
				AfterProcessingInitializeOnLoad (5ms)
				EditorAssembliesLoaded (0ms)
			ExecutionOrderSort2 (0ms)
			AwakeInstancesAfterBackupRestoration (9ms)
Platform modules already initialized, skipping
========================================================================
Worker process is ready to serve import requests
Launched and connected shader compiler UnityShaderCompiler.exe after 0.06 seconds
Refreshing native plugins compatible for Editor in 0.63 ms, found 3 plugins.
Preloading 0 native plugins for Editor in 0.00 ms.
Unloading 3047 Unused Serialized files (Serialized files now loaded: 0)
Unloading 24 unused Assets / (113.5 KB). Loaded Objects now: 3507.
Memory consumption went from 107.4 MB to 107.3 MB.
Total: 4.675100 ms (FindLiveObjects: 0.325400 ms CreateObjectMapping: 0.103000 ms MarkObjects: 3.964000 ms  DeleteObjects: 0.280700 ms)

AssetImportParameters requested are different than current active one (requested -> active):
  custom:video-decoder-ogg-theora: a1e56fd34408186e4bbccfd4996cb3dc -> 
  custom:container-muxer-webm: aa71ff27fc2769a1b78a27578f13a17b -> 
  custom:container-demuxer-webm: 4f35f7cbe854078d1ac9338744f61a02 -> 
  custom:video-encoder-webm-vp8: eb34c28f22e8b96e1ab97ce403110664 -> 
  custom:video-codec-MediaFoundation-h265: 746d11721c4dcdbdad8f713fa42b33f4 -> 
  custom:audio-encoder-webm-vorbis: bf7c407c2cedff20999df2af8eb42d56 -> 
  custom:framework-win-MediaFoundation: 216162199b28c13a410421893ffa2e32 -> 
  custom:container-demuxer-ogg: 62fdf1f143b41e24485cea50d1cbac27 -> 
  custom:video-decoder-webm-vp8: 9c59270c3fd7afecdb556c50c9e8de78 -> 
  custom:audio-decoder-ogg-vorbis: bf7c407c2cedff20999df2af8eb42d56 -> 
========================================================================
Received Import Request.
  Time since last request: 101608.949180 seconds.
  path: Assets/New Material.mat
  artifactKey: Guid(9be9f299996ef224284c2bc973f4657e) Importer(815301076,1909f56bfc062723c751e8b465ee728b)
Start importing Assets/New Material.mat using Guid(9be9f299996ef224284c2bc973f4657e) Importer(815301076,1909f56bfc062723c751e8b465ee728b)  -> (artifact id: '66a166c1c31c954fa647f51b7be3ff04') in 0.248530 seconds 
========================================================================
Received Import Request.
  Time since last request: 17.176293 seconds.
  path: Assets/JoystickFack
  artifactKey: Guid(a54d434f71f2d6047b2351e7da72a58e) Importer(815301076,1909f56bfc062723c751e8b465ee728b)
Start importing Assets/JoystickFack using Guid(a54d434f71f2d6047b2351e7da72a58e) Importer(815301076,1909f56bfc062723c751e8b465ee728b)  -> (artifact id: '84a1c124412ecd60df7b52e2d1269233') in 0.006373 seconds 
========================================================================
Received Import Request.
  Time since last request: 3.209085 seconds.
  path: Assets/JoystickFack 1
  artifactKey: Guid(f19cc58268bcc6c44b49bccea79324ce) Importer(815301076,1909f56bfc062723c751e8b465ee728b)
Start importing Assets/JoystickFack 1 using Guid(f19cc58268bcc6c44b49bccea79324ce) Importer(815301076,1909f56bfc062723c751e8b465ee728b)  -> (artifact id: 'c241b6b64a7099d55191ae830c729875') in 0.006015 seconds 
========================================================================
Received Import Request.
  Time since last request: 20.680258 seconds.
  path: Assets/MeaningFeaturePlugin
  artifactKey: Guid(f19cc58268bcc6c44b49bccea79324ce) Importer(815301076,1909f56bfc062723c751e8b465ee728b)
Start importing Assets/MeaningFeaturePlugin using Guid(f19cc58268bcc6c44b49bccea79324ce) Importer(815301076,1909f56bfc062723c751e8b465ee728b)  -> (artifact id: 'ae37b8604c1a190cc368dec78c1ff4ca') in 0.005897 seconds 
========================================================================
Received Import Request.
  Time since last request: 3.226098 seconds.
  path: Assets/MeaningFeaturePlugin 1
  artifactKey: Guid(042ccb23508099b4e907b8e28843df60) Importer(815301076,1909f56bfc062723c751e8b465ee728b)
Start importing Assets/MeaningFeaturePlugin 1 using Guid(042ccb23508099b4e907b8e28843df60) Importer(815301076,1909f56bfc062723c751e8b465ee728b)  -> (artifact id: '086dbf4a48fb3df5a640ffda9b7d8e2f') in 0.007285 seconds 
========================================================================
Received Import Request.
  Time since last request: 7.790127 seconds.
  path: Assets/TextMesh Pro
  artifactKey: Guid(042ccb23508099b4e907b8e28843df60) Importer(815301076,1909f56bfc062723c751e8b465ee728b)
Start importing Assets/TextMesh Pro using Guid(042ccb23508099b4e907b8e28843df60) Importer(815301076,1909f56bfc062723c751e8b465ee728b)  -> (artifact id: '308835c7492d650b957084d6a2875cec') in 0.007465 seconds 
========================================================================
Received Import Request.
  Time since last request: 1.518793 seconds.
  path: Assets
  artifactKey: Guid(00000000000000001000000000000000) Importer(815301076,1909f56bfc062723c751e8b465ee728b)
Start importing Assets using Guid(00000000000000001000000000000000) Importer(815301076,1909f56bfc062723c751e8b465ee728b)  -> (artifact id: '79842766b460edbeab6a34051e857a80') in 0.006676 seconds 
========================================================================
Received Import Request.
  Time since last request: 2.372379 seconds.
  path: Assets/TextMesh Pro 1
  artifactKey: Guid(915c0a8fa4f24084d8e30b08d4b5b4d9) Importer(815301076,1909f56bfc062723c751e8b465ee728b)
Start importing Assets/TextMesh Pro 1 using Guid(915c0a8fa4f24084d8e30b08d4b5b4d9) Importer(815301076,1909f56bfc062723c751e8b465ee728b)  -> (artifact id: '6ed6ccf4c6a8d0cc391be6b59c88d144') in 0.006414 seconds 
========================================================================
Received Import Request.
  Time since last request: 4.467389 seconds.
  path: Assets/XR
  artifactKey: Guid(915c0a8fa4f24084d8e30b08d4b5b4d9) Importer(815301076,1909f56bfc062723c751e8b465ee728b)
Start importing Assets/XR using Guid(915c0a8fa4f24084d8e30b08d4b5b4d9) Importer(815301076,1909f56bfc062723c751e8b465ee728b)  -> (artifact id: '2a3d0872a92c68c7eef7fd882e600a32') in 0.007509 seconds 
========================================================================
Received Import Request.
  Time since last request: 32.531983 seconds.
  path: Assets/Materials
  artifactKey: Guid(804aaff39b265a04b97f989d2abee4cf) Importer(815301076,1909f56bfc062723c751e8b465ee728b)
Start importing Assets/Materials using Guid(804aaff39b265a04b97f989d2abee4cf) Importer(815301076,1909f56bfc062723c751e8b465ee728b)  -> (artifact id: 'bfc599cda15c6930d86a6584cfcf0154') in 0.006129 seconds 
========================================================================
Received Import Request.
  Time since last request: 55.502727 seconds.
  path: Assets/Scenes
  artifactKey: Guid(6ea315d0fd7389c41b19996891e99ae3) Importer(815301076,1909f56bfc062723c751e8b465ee728b)
Start importing Assets/Scenes using Guid(6ea315d0fd7389c41b19996891e99ae3) Importer(815301076,1909f56bfc062723c751e8b465ee728b)  -> (artifact id: 'b8193726cff86800c54781cdc6d54904') in 0.010042 seconds 
========================================================================
Received Import Request.
  Time since last request: 13.316943 seconds.
  path: Assets/Scenes/Level 1.unity
  artifactKey: Guid(84e1dcee093439c43bf9eae6d8ae3dd8) Importer(815301076,1909f56bfc062723c751e8b465ee728b)
Start importing Assets/Scenes/Level 1.unity using Guid(84e1dcee093439c43bf9eae6d8ae3dd8) Importer(815301076,1909f56bfc062723c751e8b465ee728b)  -> (artifact id: '84b60caf163555d5ffdefb918329e858') in 0.007737 seconds 
========================================================================
Received Import Request.
  Time since last request: 514.748827 seconds.
  path: Assets/Prefabs/ArenaTile/Corner.prefab
  artifactKey: Guid(fcce978f3ebd46748a19f620e7be4d1d) Importer(815301076,1909f56bfc062723c751e8b465ee728b)
Start importing Assets/Prefabs/ArenaTile/Corner.prefab using Guid(fcce978f3ebd46748a19f620e7be4d1d) Importer(815301076,1909f56bfc062723c751e8b465ee728b)  -> (artifact id: 'f217d11ef303e2a42f2019484deb8fe4') in 0.236899 seconds 
========================================================================
Received Import Request.
  Time since last request: 0.000059 seconds.
  path: Assets/Prefabs/ArenaTile/straight.prefab
  artifactKey: Guid(8a701a978efd0fb43a428a6fe8cd892a) Importer(815301076,1909f56bfc062723c751e8b465ee728b)
Start importing Assets/Prefabs/ArenaTile/straight.prefab using Guid(8a701a978efd0fb43a428a6fe8cd892a) Importer(815301076,1909f56bfc062723c751e8b465ee728b)  -> (artifact id: 'e14e7f205e74d6edfa9376ce79a3064c') in 0.021125 seconds 
========================================================================
Received Import Request.
  Time since last request: 29.052410 seconds.
  path: Assets/Prefabs/UI/Finished Canvas.prefab
  artifactKey: Guid(77e861af2891f854087413c0e3c46dc7) Importer(815301076,1909f56bfc062723c751e8b465ee728b)
Start importing Assets/Prefabs/UI/Finished Canvas.prefab using Guid(77e861af2891f854087413c0e3c46dc7) Importer(815301076,1909f56bfc062723c751e8b465ee728b)  -> (artifact id: '2fc109fe97fd4d87fb1a316fb705e702') in 0.111260 seconds 
========================================================================
Received Import Request.
  Time since last request: 64.350752 seconds.
  path: Assets/NextLevelButton.cs
  artifactKey: Guid(97d46cc4deab0244c81bca6dc562e393) Importer(815301076,1909f56bfc062723c751e8b465ee728b)
Start importing Assets/NextLevelButton.cs using Guid(97d46cc4deab0244c81bca6dc562e393) Importer(815301076,1909f56bfc062723c751e8b465ee728b)  -> (artifact id: '9c4dd98f9cf01baf3ef81201b5df839a') in 0.004503 seconds 
========================================================================
Received Import Request.
  Time since last request: 2071.702249 seconds.
  path: Assets/Scenes/SampleScene.unity
  artifactKey: Guid(9fc0d4010bbf28b4594072e72b8655ab) Importer(815301076,1909f56bfc062723c751e8b465ee728b)
Start importing Assets/Scenes/SampleScene.unity using Guid(9fc0d4010bbf28b4594072e72b8655ab) Importer(815301076,1909f56bfc062723c751e8b465ee728b)  -> (artifact id: 'e55ccaa32d8e5c1de03c07a5412c8c3c') in 0.019721 seconds 
